[(29/01/2023 01:26:30 p. m.[(29/01/2023 01:26:30 p. m.[(29/01/2023 01:26:31 p. m.[(29/01/2023 01:26:31 p. m.[(29/01/2023 01:26:31 p. m.[(29/01/2023 01:26:31 p. m.[(29/01/2023 01:26:31 p. m.[(29/01/2023 01:26:31 p. m.[(29/01/2023 01:26:31 p. m.[(29/01/2023 01:26:32 p. m.[(29/01/2023 01:26:32 p. m.[(29/01/2023 01:26:32 p. m.[(29/01/2023 01:26:32 p. m.[(29/01/2023 01:26:32 p. m.[(29/01/2023 01:26:32 p. m.[(29/01/2023 01:26:32 p. m.[(29/01/2023 01:26:33 p. m.[(29/01/2023 01:26:33 p. m.[(29/01/2023 01:26:33 p. m.[(29/01/2023 01:26:33 p. m.[(29/01/2023 01:26:33 p. m.[(29/01/2023 01:26:33 p. m.[(29/01/2023 01:28:01 p. m.[(29/01/2023 01:28:01 p. m.[(29/01/2023 01:28:01 p. m.[(29/01/2023 01:44:06 p. m.[(29/01/2023 01:44:06 p. m.[(29/01/2023 01:44:06 p. m.[(29/01/2023 02:24:09 p. m.[(29/01/2023 02:24:10 p. m.[(29/01/2023 02:24:10 p. m.[(29/01/2023 02:24:10 p. m.[(29/01/2023 02:24:11 p. m.[(29/01/2023 02:24:11 p. m.[(29/01/2023 02:24:11 p. m.[(29/01/2023 02:24:11 p. m.[(29/01/2023 02:24:11 p. m.[(29/01/2023 02:24:11 p. m.[(29/01/2023 02:24:11 p. m.[(29/01/2023 02:24:11 p. m.[(29/01/2023 02:24:11 p. m.[(29/01/2023 02:24:11 p. m.[(29/01/2023 02:24:11 p. m.[(29/01/2023 02:24:11 p. m.[(29/01/2023 02:24:12 p. m.[(29/01/2023 02:24:12 p. m.[(29/01/2023 02:24:12 p. m.[(29/01/2023 02:24:12 p. m.[(29/01/2023 02:24:13 p. m.[(29/01/2023 02:24:13 p. m.[(29/01/2023 02:24:13 p. m.[(29/01/2023 02:50:49 p. m.[(29/01/2023 02:50:49 p. m.[(29/01/2023 02:50:49 p. m.[(29/01/2023 02:53:37 p. m.[(29/01/2023 02:53:37 p. m.[(29/01/2023 02:53:37 p. m.[(29/01/2023 02:54:16 p. m.[(29/01/2023 02:54:16 p. m.[(29/01/2023 02:54:16 p. m.[(29/01/2023 02:54:16 p. m.[(29/01/2023 02:54:17 p. m.[(29/01/2023 02:54:17 p. m.[(29/01/2023 02:54:17 p. m.[(29/01/2023 02:54:17 p. m.[(29/01/2023 02:54:17 p. m.[(29/01/2023 02:54:17 p. m.[(29/01/2023 02:54:17 p. m.[(29/01/2023 02:54:17 p. m.[(29/01/2023 02:54:17 p. m.[(29/01/2023 02:54:17 p. m.[(29/01/2023 02:54:17 p. m.[(29/01/2023 02:54:17 p. m.[(29/01/2023 02:54:18 p. m.[(29/01/2023 02:54:18 p. m.[(29/01/2023 02:54:18 p. m.[(29/01/2023 02:54:18 p. m.[(29/01/2023 02:54:19 p. m.[(29/01/2023 02:54:19 p. m.[(29/01/2023 02:54:19 p. m.[(29/01/2023 06:11:30 p. m.[(29/01/2023 06:11:30 p. m.[(29/01/2023 06:11:30 p. m.[(29/01/2023 06:11:59 p. m.[(29/01/2023 06:11:59 p. m.[(29/01/2023 06:11:59 p. m.[(29/01/2023 06:11:59 p. m.[(29/01/2023 06:12:00 p. m.[(29/01/2023 06:12:00 p. m.[(29/01/2023 06:12:00 p. m.[(29/01/2023 06:12:00 p. m.[(29/01/2023 06:12:00 p. m.[(29/01/2023 06:12:00 p. m.[(29/01/2023 06:12:00 p. m.[(29/01/2023 06:12:00 p. m.[(29/01/2023 06:12:00 p. m.[(29/01/2023 06:12:00 p. m.[(29/01/2023 06:12:00 p. m.[(29/01/2023 06:12:00 p. m.[(29/01/2023 06:12:01 p. m.[(29/01/2023 06:12:01 p. m.[(29/01/2023 06:12:01 p. m.[(29/01/2023 06:12:01 p. m.[(29/01/2023 06:12:02 p. m.[(29/01/2023 06:12:02 p. m.[(29/01/2023 06:12:02 p. m.[(29/01/2023 06:12:22 p. m.[(29/01/2023 06:12:22 p. m.[(29/01/2023 06:12:22 p. m.[(29/01/2023 06:12:28 p. m.[(29/01/2023 06:12:28 p. m.[(29/01/2023 06:12:29 p. m.[(29/01/2023 06:12:29 p. m.[(29/01/2023 06:12:29 p. m.[(29/01/2023 06:12:29 p. m.[(29/01/2023 06:12:29 p. m.[(29/01/2023 06:12:30 p. m.[(29/01/2023 06:12:30 p. m.[(29/01/2023 06:12:30 p. m.[(29/01/2023 06:12:30 p. m.[(29/01/2023 06:12:30 p. m.[(29/01/2023 06:12:30 p. m.[(29/01/2023 06:12:30 p. m.[(29/01/2023 06:12:30 p. m.[(29/01/2023 06:12:30 p. m.[(29/01/2023 06:12:31 p. m.[(29/01/2023 06:12:31 p. m.[(29/01/2023 06:12:31 p. m.[(29/01/2023 06:12:31 p. m.[(29/01/2023 06:12:31 p. m.[(29/01/2023 06:12:31 p. m.[(29/01/2023 06:12:31 p. m.[(29/01/2023 06:17:32 p. m.[(29/01/2023 06:17:32 p. m.[(29/01/2023 06:17:32 p. m.[(29/01/2023 06:17:39 p. m.[(29/01/2023 06:17:39 p. m.[(29/01/2023 06:17:39 p. m.[(29/01/2023 06:17:39 p. m.[(29/01/2023 06:17:40 p. m.[(29/01/2023 06:17:40 p. m.[(29/01/2023 06:17:40 p. m.[(29/01/2023 06:17:40 p. m.[(29/01/2023 06:17:40 p. m.[(29/01/2023 06:17:40 p. m.[(29/01/2023 06:17:40 p. m.[(29/01/2023 06:17:40 p. m.[(29/01/2023 06:17:40 p. m.[(29/01/2023 06:17:40 p. m.[(29/01/2023 06:17:40 p. m.[(29/01/2023 06:17:40 p. m.[(29/01/2023 06:17:41 p. m.[(29/01/2023 06:17:41 p. m.[(29/01/2023 06:17:41 p. m.[(29/01/2023 06:17:42 p. m.[(29/01/2023 06:17:42 p. m.[(29/01/2023 06:17:42 p. m.[(29/01/2023 06:17:42 p. m.[(29/01/2023 06:17:54 p. m.[(29/01/2023 06:17:54 p. m.[(29/01/2023 06:17:54 p. m.[(29/01/2023 06:18:01 p. m.[(29/01/2023 06:18:01 p. m.[(29/01/2023 06:18:01 p. m.[(29/01/2023 06:18:02 p. m.[(29/01/2023 06:18:02 p. m.[(29/01/2023 06:18:02 p. m.[(29/01/2023 06:18:02 p. m.[(29/01/2023 06:18:02 p. m.[(29/01/2023 06:18:02 p. m.[(29/01/2023 06:18:02 p. m.[(29/01/2023 06:18:02 p. m.[(29/01/2023 06:18:02 p. m.[(29/01/2023 06:18:02 p. m.[(29/01/2023 06:18:03 p. m.[(29/01/2023 06:18:03 p. m.[(29/01/2023 06:18:03 p. m.[(29/01/2023 06:18:03 p. m.[(29/01/2023 06:18:03 p. m.[(29/01/2023 06:18:03 p. m.[(29/01/2023 06:18:04 p. m.[(29/01/2023 06:18:04 p. m.[(29/01/2023 06:18:04 p. m.[(29/01/2023 06:18:04 p. m.[(29/01/2023 06:20:26 p. m.[(29/01/2023 06:20:26 p. m.[(29/01/2023 06:20:26 p. m.[(29/01/2023 06:25:59 p. m.[(29/01/2023 06:25:59 p. m.[(29/01/2023 06:25:59 p. m.[(29/01/2023 06:26:05 p. m.[(29/01/2023 06:26:05 p. m.[(29/01/2023 06:26:06 p. m.[(29/01/2023 06:26:06 p. m.[(29/01/2023 06:26:06 p. m.[(29/01/2023 06:26:06 p. m.[(29/01/2023 06:26:06 p. m.[(29/01/2023 06:26:06 p. m.[(29/01/2023 06:26:06 p. m.[(29/01/2023 06:26:06 p. m.[(29/01/2023 06:26:06 p. m.[(29/01/2023 06:26:06 p. m.[(29/01/2023 06:26:07 p. m.[(29/01/2023 06:26:07 p. m.[(29/01/2023 06:26:07 p. m.[(29/01/2023 06:26:07 p. m.[(29/01/2023 06:26:07 p. m.[(29/01/2023 06:26:07 p. m.[(29/01/2023 06:26:08 p. m.[(29/01/2023 06:26:08 p. m.[(29/01/2023 06:26:08 p. m.[(29/01/2023 06:26:08 p. m.[(29/01/2023 06:26:08 p. m.[(29/01/2023 06:26:12 p. m.[(29/01/2023 06:26:12 p. m.[(29/01/2023 06:26:12 p. m.[(29/01/2023 06:38:14 p. m.[(29/01/2023 06:38:14 p. m.[(29/01/2023 06:38:14 p. m.[(29/01/2023 06:38:21 p. m.[(29/01/2023 06:38:21 p. m.[(29/01/2023 06:38:21 p. m.[(29/01/2023 06:38:21 p. m.[(29/01/2023 06:38:22 p. m.[(29/01/2023 06:38:22 p. m.[(29/01/2023 06:38:22 p. m.[(29/01/2023 06:38:22 p. m.[(29/01/2023 06:38:22 p. m.[(29/01/2023 06:38:22 p. m.[(29/01/2023 06:38:22 p. m.[(29/01/2023 06:38:22 p. m.[(29/01/2023 06:38:22 p. m.[(29/01/2023 06:38:22 p. m.[(29/01/2023 06:38:22 p. m.[(29/01/2023 06:38:22 p. m.[(29/01/2023 06:38:23 p. m.[(29/01/2023 06:38:23 p. m.[(29/01/2023 06:38:23 p. m.[(29/01/2023 06:38:23 p. m.[(29/01/2023 06:38:23 p. m.[(29/01/2023 06:38:23 p. m.[(29/01/2023 06:38:24 p. m.[(29/01/2023 06:38:28 p. m.[(29/01/2023 06:38:28 p. m.[(29/01/2023 06:38:28 p. m.[(29/01/2023 06:39:39 p. m.[(29/01/2023 06:39:39 p. m.[(29/01/2023 06:39:39 p. m.[(29/01/2023 06:39:45 p. m.[(29/01/2023 06:39:45 p. m.[(29/01/2023 06:39:45 p. m.[(29/01/2023 06:39:45 p. m.[(29/01/2023 06:39:46 p. m.[(29/01/2023 06:39:46 p. m.[(29/01/2023 06:39:46 p. m.[(29/01/2023 06:39:46 p. m.[(29/01/2023 06:39:46 p. m.[(29/01/2023 06:39:46 p. m.[(29/01/2023 06:39:46 p. m.[(29/01/2023 06:39:46 p. m.[(29/01/2023 06:39:46 p. m.[(29/01/2023 06:39:46 p. m.[(29/01/2023 06:39:46 p. m.[(29/01/2023 06:39:46 p. m.[(29/01/2023 06:39:47 p. m.[(29/01/2023 06:39:47 p. m.[(29/01/2023 06:39:47 p. m.[(29/01/2023 06:39:47 p. m.[(29/01/2023 06:39:48 p. m.[(29/01/2023 06:39:48 p. m.[(29/01/2023 06:39:48 p. m.[(29/01/2023 06:40:23 p. m.[(29/01/2023 06:40:23 p. m.[(29/01/2023 06:40:23 p. m.[(29/01/2023 06:40:33 p. m.[(29/01/2023 06:40:33 p. m.[(29/01/2023 06:40:33 p. m.[(29/01/2023 06:40:50 p. m.[(29/01/2023 06:40:50 p. m.[(29/01/2023 06:40:51 p. m.[(29/01/2023 06:40:51 p. m.[(29/01/2023 06:40:51 p. m.[(29/01/2023 06:40:51 p. m.[(29/01/2023 06:40:51 p. m.[(29/01/2023 06:40:51 p. m.[(29/01/2023 06:40:51 p. m.[(29/01/2023 06:40:51 p. m.[(29/01/2023 06:40:51 p. m.[(29/01/2023 06:40:51 p. m.[(29/01/2023 06:40:52 p. m.[(29/01/2023 06:40:52 p. m.[(29/01/2023 06:40:52 p. m.[(29/01/2023 06:40:52 p. m.[(29/01/2023 06:40:52 p. m.[(29/01/2023 06:40:52 p. m.[(29/01/2023 06:40:53 p. m.[(29/01/2023 06:40:53 p. m.[(29/01/2023 06:40:53 p. m.[(29/01/2023 06:40:53 p. m.[(29/01/2023 06:40:53 p. m.[(29/01/2023 07:23:05 p. m.[(29/01/2023 07:23:05 p. m.[(29/01/2023 07:23:05 p. m.[(29/01/2023 08:00:22 p. m.[(29/01/2023 08:00:22 p. m.[(29/01/2023 08:00:23 p. m.[(29/01/2023 08:00:23 p. m.[(29/01/2023 08:00:23 p. m.[(29/01/2023 08:00:23 p. m.[(29/01/2023 08:00:23 p. m.[(29/01/2023 08:00:23 p. m.[(29/01/2023 08:00:23 p. m.[(29/01/2023 08:00:23 p. m.[(29/01/2023 08:00:23 p. m.[(29/01/2023 08:00:24 p. m.[(29/01/2023 08:00:24 p. m.[(29/01/2023 08:00:24 p. m.[(29/01/2023 08:00:24 p. m.[(29/01/2023 08:00:24 p. m.[(29/01/2023 08:00:24 p. m.[(29/01/2023 08:00:24 p. m.[(29/01/2023 08:00:25 p. m.[(29/01/2023 08:00:25 p. m.[(29/01/2023 08:00:25 p. m.[(29/01/2023 08:00:25 p. m.[(29/01/2023 08:00:25 p. m.[(29/01/2023 08:10:33 p. m.[(29/01/2023 08:10:33 p. m.[(29/01/2023 08:10:33 p. m.[(29/01/2023 08:10:40 p. m.[(29/01/2023 08:10:40 p. m.[(29/01/2023 08:10:40 p. m.[(29/01/2023 08:10:40 p. m.[(29/01/2023 08:10:41 p. m.[(29/01/2023 08:10:41 p. m.[(29/01/2023 08:10:41 p. m.[(29/01/2023 08:10:41 p. m.[(29/01/2023 08:10:41 p. m.[(29/01/2023 08:10:41 p. m.[(29/01/2023 08:10:41 p. m.[(29/01/2023 08:10:41 p. m.[(29/01/2023 08:10:41 p. m.[(29/01/2023 08:10:41 p. m.[(29/01/2023 08:10:41 p. m.[(29/01/2023 08:10:41 p. m.[(29/01/2023 08:10:42 p. m.[(29/01/2023 08:10:42 p. m.[(29/01/2023 08:10:42 p. m.[(29/01/2023 08:10:42 p. m.[(29/01/2023 08:10:43 p. m.[(29/01/2023 08:10:43 p. m.[(29/01/2023 08:10:43 p. m.[(29/01/2023 08:59:05 p. m.[(29/01/2023 08:59:05 p. m.[(29/01/2023 08:59:05 p. m.[(29/01/2023 08:59:50 p. m.[(29/01/2023 08:59:50 p. m.[(29/01/2023 08:59:50 p. m.[(29/01/2023 08:59:50 p. m.[(29/01/2023 08:59:51 p. m.[(29/01/2023 08:59:51 p. m.[(29/01/2023 08:59:51 p. m.[(29/01/2023 08:59:51 p. m.[(29/01/2023 08:59:52 p. m.[(29/01/2023 08:59:52 p. m.[(29/01/2023 08:59:52 p. m.[(29/01/2023 08:59:52 p. m.[(29/01/2023 08:59:52 p. m.[(29/01/2023 08:59:53 p. m.[(29/01/2023 08:59:53 p. m.[(29/01/2023 08:59:53 p. m.[(29/01/2023 08:59:53 p. m.[(29/01/2023 09:06:21 p. m.[(29/01/2023 09:06:21 p. m.[(29/01/2023 09:06:21 p. m.java.lang.IllegalStateException: Error processing condition on org.springframework.boot.autoconfigure.context.PropertyPlaceholderAutoConfiguration.propertySourcesPlaceholderConfigurer
	at org.springframework.boot.autoconfigure.condition.SpringBootCondition.matches(SpringBootCondition.java:60)
	at org.springframework.context.annotation.ConditionEvaluator.shouldSkip(ConditionEvaluator.java:108)
	at org.springframework.context.annotation.ConfigurationClassBeanDefinitionReader.loadBeanDefinitionsForBeanMethod(ConfigurationClassBeanDefinitionReader.java:193)
	at org.springframework.context.annotation.ConfigurationClassBeanDefinitionReader.loadBeanDefinitionsForConfigurationClass(ConfigurationClassBeanDefinitionReader.java:153)
	at org.springframework.context.annotation.ConfigurationClassBeanDefinitionReader.loadBeanDefinitions(ConfigurationClassBeanDefinitionReader.java:129)
	at org.springframework.context.annotation.ConfigurationClassPostProcessor.processConfigBeanDefinitions(ConfigurationClassPostProcessor.java:343)
	at org.springframework.context.annotation.ConfigurationClassPostProcessor.postProcessBeanDefinitionRegistry(ConfigurationClassPostProcessor.java:247)
	at org.springframework.context.support.PostProcessorRegistrationDelegate.invokeBeanDefinitionRegistryPostProcessors(PostProcessorRegistrationDelegate.java:311)
	at org.springframework.context.support.PostProcessorRegistrationDelegate.invokeBeanFactoryPostProcessors(PostProcessorRegistrationDelegate.java:112)
	at org.springframework.context.support.AbstractApplicationContext.invokeBeanFactoryPostProcessors(AbstractApplicationContext.java:746)
	at org.springframework.context.support.AbstractApplicationContext.refresh(AbstractApplicationContext.java:564)
	at org.springframework.boot.web.servlet.context.ServletWebServerApplicationContext.refresh(ServletWebServerApplicationContext.java:147)
	at org.springframework.boot.SpringApplication.refresh(SpringApplication.java:731)
	at org.springframework.boot.SpringApplication.refreshContext(SpringApplication.java:408)
	at org.springframework.boot.SpringApplication.run(SpringApplication.java:307)
	at org.springframework.boot.SpringApplication.run(SpringApplication.java:1303)
	at org.springframework.boot.SpringApplication.run(SpringApplication.java:1292)
	at org.bedu.crp.Proyecto.ProyectoApplication.main(ProyectoApplication.java:10)
Caused by: java.lang.IllegalStateException: Failed to introspect Class [org.bedu.crp.Proyecto.security.WebSecurityConfig] from ClassLoader [jdk.internal.loader.ClassLoaders$AppClassLoader@5cb0d902]
	at org.springframework.util.ReflectionUtils.getDeclaredMethods(ReflectionUtils.java:485)
	at org.springframework.util.ReflectionUtils.doWithMethods(ReflectionUtils.java:361)
	at org.springframework.util.ReflectionUtils.getUniqueDeclaredMethods(ReflectionUtils.java:418)
	at org.springframework.beans.factory.support.AbstractAutowireCapableBeanFactory.lambda$getTypeForFactoryMethod$2(AbstractAutowireCapableBeanFactory.java:765)
	at java.base/java.util.concurrent.ConcurrentHashMap.computeIfAbsent(ConcurrentHashMap.java:1708)
	at org.springframework.beans.factory.support.AbstractAutowireCapableBeanFactory.getTypeForFactoryMethod(AbstractAutowireCapableBeanFactory.java:764)
	at org.springframework.beans.factory.support.AbstractAutowireCapableBeanFactory.determineTargetType(AbstractAutowireCapableBeanFactory.java:703)
	at org.springframework.beans.factory.support.AbstractAutowireCapableBeanFactory.predictBeanType(AbstractAutowireCapableBeanFactory.java:674)
	at org.springframework.beans.factory.support.AbstractBeanFactory.isFactoryBean(AbstractBeanFactory.java:1684)
	at org.springframework.beans.factory.support.DefaultListableBeanFactory.doGetBeanNamesForType(DefaultListableBeanFactory.java:570)
	at org.springframework.beans.factory.support.DefaultListableBeanFactory.getBeanNamesForType(DefaultListableBeanFactory.java:542)
	at org.springframework.boot.autoconfigure.condition.OnBeanCondition.collectBeanNamesForType(OnBeanCondition.java:250)
	at org.springframework.boot.autoconfigure.condition.OnBeanCondition.getBeanNamesForType(OnBeanCondition.java:243)
	at org.springframework.boot.autoconfigure.condition.OnBeanCondition.getBeanNamesForType(OnBeanCondition.java:233)
	at org.springframework.boot.autoconfigure.condition.OnBeanCondition.getMatchingBeans(OnBeanCondition.java:181)
	at org.springframework.boot.autoconfigure.condition.OnBeanCondition.getMatchOutcome(OnBeanCondition.java:156)
	at org.springframework.boot.autoconfigure.condition.SpringBootCondition.matches(SpringBootCondition.java:47)
	... 17 common frames omitted
Caused by: java.lang.NoClassDefFoundError: jakarta/servlet/Filter
	at java.base/java.lang.Class.getDeclaredMethods0(Native Method)
	at java.base/java.lang.Class.privateGetDeclaredMethods(Class.java:3402)
	at java.base/java.lang.Class.getDeclaredMethods(Class.java:2504)
	at org.springframework.util.ReflectionUtils.getDeclaredMethods(ReflectionUtils.java:467)
	... 33 common frames omitted
Caused by: java.lang.ClassNotFoundException: jakarta.servlet.Filter
	at java.base/jdk.internal.loader.BuiltinClassLoader.loadClass(BuiltinClassLoader.java:641)
	at java.base/jdk.internal.loader.ClassLoaders$AppClassLoader.loadClass(ClassLoaders.java:188)
	at java.base/java.lang.ClassLoader.loadClass(ClassLoader.java:520)
	... 37 common frames omitted
[(29/01/2023 09:06:21 p. m.java.lang.IllegalStateException: Failed to introspect Class [org.bedu.crp.Proyecto.security.WebSecurityConfig] from ClassLoader [jdk.internal.loader.ClassLoaders$AppClassLoader@5cb0d902]
	at org.springframework.util.ReflectionUtils.getDeclaredMethods(ReflectionUtils.java:485)
	at org.springframework.util.ReflectionUtils.doWithMethods(ReflectionUtils.java:361)
	at org.springframework.util.ReflectionUtils.getUniqueDeclaredMethods(ReflectionUtils.java:418)
	at org.springframework.beans.factory.support.AbstractAutowireCapableBeanFactory.lambda$getTypeForFactoryMethod$2(AbstractAutowireCapableBeanFactory.java:765)
	at java.base/java.util.concurrent.ConcurrentHashMap.computeIfAbsent(ConcurrentHashMap.java:1708)
	at org.springframework.beans.factory.support.AbstractAutowireCapableBeanFactory.getTypeForFactoryMethod(AbstractAutowireCapableBeanFactory.java:764)
	at org.springframework.beans.factory.support.AbstractAutowireCapableBeanFactory.determineTargetType(AbstractAutowireCapableBeanFactory.java:703)
	at org.springframework.beans.factory.support.AbstractAutowireCapableBeanFactory.predictBeanType(AbstractAutowireCapableBeanFactory.java:674)
	at org.springframework.beans.factory.support.AbstractBeanFactory.isFactoryBean(AbstractBeanFactory.java:1684)
	at org.springframework.beans.factory.support.DefaultListableBeanFactory.doGetBeanNamesForType(DefaultListableBeanFactory.java:570)
	at org.springframework.beans.factory.support.DefaultListableBeanFactory.getBeanNamesForType(DefaultListableBeanFactory.java:542)
	at org.springframework.beans.factory.support.DefaultListableBeanFactory.getBeansOfType(DefaultListableBeanFactory.java:669)
	at org.springframework.beans.factory.support.DefaultListableBeanFactory.getBeansOfType(DefaultListableBeanFactory.java:661)
	at org.springframework.context.support.AbstractApplicationContext.getBeansOfType(AbstractApplicationContext.java:1300)
	at org.springframework.boot.SpringApplication.getExitCodeFromMappedException(SpringApplication.java:864)
	at org.springframework.boot.SpringApplication.getExitCodeFromException(SpringApplication.java:852)
	at org.springframework.boot.SpringApplication.handleExitCode(SpringApplication.java:839)
	at org.springframework.boot.SpringApplication.handleRunFailure(SpringApplication.java:779)
	at org.springframework.boot.SpringApplication.run(SpringApplication.java:317)
	at org.springframework.boot.SpringApplication.run(SpringApplication.java:1303)
	at org.springframework.boot.SpringApplication.run(SpringApplication.java:1292)
	at org.bedu.crp.Proyecto.ProyectoApplication.main(ProyectoApplication.java:10)
Caused by: java.lang.NoClassDefFoundError: jakarta/servlet/Filter
	at java.base/java.lang.Class.getDeclaredMethods0(Native Method)
	at java.base/java.lang.Class.privateGetDeclaredMethods(Class.java:3402)
	at java.base/java.lang.Class.getDeclaredMethods(Class.java:2504)
	at org.springframework.util.ReflectionUtils.getDeclaredMethods(ReflectionUtils.java:467)
	... 21 common frames omitted
Caused by: java.lang.ClassNotFoundException: jakarta.servlet.Filter
	at java.base/jdk.internal.loader.BuiltinClassLoader.loadClass(BuiltinClassLoader.java:641)
	at java.base/jdk.internal.loader.ClassLoaders$AppClassLoader.loadClass(ClassLoaders.java:188)
	at java.base/java.lang.ClassLoader.loadClass(ClassLoader.java:520)
	... 25 common frames omitted
[(29/01/2023 09:07:06 p. m.[(29/01/2023 09:07:06 p. m.[(29/01/2023 09:07:07 p. m.[(29/01/2023 09:07:07 p. m.[(29/01/2023 09:07:07 p. m.[(29/01/2023 09:07:07 p. m.[(29/01/2023 09:07:07 p. m.[(29/01/2023 09:07:07 p. m.[(29/01/2023 09:07:07 p. m.[(29/01/2023 09:07:08 p. m.[(29/01/2023 09:07:08 p. m.[(29/01/2023 09:07:08 p. m.[(29/01/2023 09:07:08 p. m.[(29/01/2023 09:07:08 p. m.[(29/01/2023 09:07:08 p. m.[(29/01/2023 09:07:08 p. m.[(29/01/2023 09:07:09 p. m.[(29/01/2023 09:07:09 p. m.[(29/01/2023 09:07:09 p. m.[(29/01/2023 09:07:09 p. m.[(29/01/2023 09:07:10 p. m.[(29/01/2023 09:07:10 p. m.[(29/01/2023 09:07:10 p. m.[(29/01/2023 09:08:02 p. m.[(29/01/2023 09:08:29 p. m.[(29/01/2023 09:08:29 p. m.[(29/01/2023 09:08:29 p. m.[(29/01/2023 09:08:40 p. m.[(29/01/2023 09:08:40 p. m.[(29/01/2023 09:08:41 p. m.[(29/01/2023 09:08:41 p. m.[(29/01/2023 09:08:41 p. m.[(29/01/2023 09:08:41 p. m.[(29/01/2023 09:08:41 p. m.[(29/01/2023 09:08:41 p. m.[(29/01/2023 09:08:42 p. m.[(29/01/2023 09:08:42 p. m.[(29/01/2023 09:08:42 p. m.[(29/01/2023 09:08:43 p. m.[(29/01/2023 09:08:43 p. m.[(29/01/2023 09:08:43 p. m.[(29/01/2023 09:08:43 p. m.[(29/01/2023 09:08:44 p. m.[(29/01/2023 09:08:44 p. m.[(29/01/2023 09:10:06 p. m.[(29/01/2023 09:10:06 p. m.[(29/01/2023 09:10:07 p. m.[(29/01/2023 09:10:07 p. m.[(29/01/2023 09:10:07 p. m.[(29/01/2023 09:10:07 p. m.[(29/01/2023 09:10:08 p. m.[(29/01/2023 09:10:08 p. m.[(29/01/2023 09:10:08 p. m.[(29/01/2023 09:10:08 p. m.[(29/01/2023 09:10:08 p. m.[(29/01/2023 09:10:09 p. m.[(29/01/2023 09:10:09 p. m.[(29/01/2023 09:10:09 p. m.[(29/01/2023 09:10:10 p. m.[(29/01/2023 09:10:10 p. m.[(29/01/2023 09:10:10 p. m.[(29/01/2023 09:11:21 p. m.[(29/01/2023 09:11:21 p. m.[(29/01/2023 09:11:22 p. m.[(29/01/2023 09:11:22 p. m.[(29/01/2023 09:11:22 p. m.[(29/01/2023 09:11:22 p. m.[(29/01/2023 09:11:22 p. m.[(29/01/2023 09:11:22 p. m.[(29/01/2023 09:11:23 p. m.[(29/01/2023 09:11:23 p. m.[(29/01/2023 09:11:23 p. m.[(29/01/2023 09:11:24 p. m.[(29/01/2023 09:11:24 p. m.[(29/01/2023 09:11:24 p. m.[(29/01/2023 09:11:25 p. m.[(29/01/2023 09:11:25 p. m.[(29/01/2023 09:11:25 p. m.[(29/01/2023 09:16:10 p. m.[(29/01/2023 09:16:10 p. m.[(29/01/2023 09:16:10 p. m.[(29/01/2023 09:16:10 p. m.[(29/01/2023 09:16:11 p. m.[(29/01/2023 09:16:11 p. m.[(29/01/2023 09:16:11 p. m.[(29/01/2023 09:16:11 p. m.[(29/01/2023 09:16:11 p. m.[(29/01/2023 09:16:11 p. m.[(29/01/2023 09:16:11 p. m.[(29/01/2023 09:16:11 p. m.[(29/01/2023 09:16:11 p. m.[(29/01/2023 09:16:12 p. m.[(29/01/2023 09:16:12 p. m.[(29/01/2023 09:16:12 p. m.[(29/01/2023 09:16:12 p. m.[(29/01/2023 09:16:12 p. m.[(29/01/2023 09:16:12 p. m.[(29/01/2023 09:16:13 p. m.[(29/01/2023 09:16:13 p. m.[(29/01/2023 09:16:13 p. m.[(29/01/2023 09:16:13 p. m.[(29/01/2023 09:16:46 p. m.[(29/01/2023 09:16:46 p. m.java.lang.IllegalStateException: Failed to execute CommandLineRunner
	at org.springframework.boot.SpringApplication.callRunner(SpringApplication.java:770)
	at org.springframework.boot.SpringApplication.callRunners(SpringApplication.java:751)
	at org.springframework.boot.SpringApplication.run(SpringApplication.java:315)
	at org.springframework.boot.SpringApplication.run(SpringApplication.java:1302)
	at org.springframework.boot.SpringApplication.run(SpringApplication.java:1291)
	at org.bedu.crp.Proyecto.ProyectoApplication.main(ProyectoApplication.java:10)
Caused by: java.util.InputMismatchException: null
	at java.base/java.util.Scanner.throwFor(Scanner.java:939)
	at java.base/java.util.Scanner.next(Scanner.java:1594)
	at java.base/java.util.Scanner.nextInt(Scanner.java:2258)
	at java.base/java.util.Scanner.nextInt(Scanner.java:2212)
	at org.bedu.crp.Proyecto.config.Seeder.run(Seeder.java:78)
	at org.springframework.boot.SpringApplication.callRunner(SpringApplication.java:767)
	... 5 common frames omitted
[(29/01/2023 09:16:46 p. m.[(29/01/2023 09:16:46 p. m.[(29/01/2023 09:16:46 p. m.[(29/01/2023 09:16:54 p. m.[(29/01/2023 09:16:54 p. m.[(29/01/2023 09:16:55 p. m.[(29/01/2023 09:16:55 p. m.[(29/01/2023 09:16:55 p. m.[(29/01/2023 09:16:55 p. m.[(29/01/2023 09:16:55 p. m.[(29/01/2023 09:16:55 p. m.[(29/01/2023 09:16:55 p. m.[(29/01/2023 09:16:56 p. m.[(29/01/2023 09:16:56 p. m.[(29/01/2023 09:16:56 p. m.[(29/01/2023 09:16:56 p. m.[(29/01/2023 09:16:56 p. m.[(29/01/2023 09:16:56 p. m.[(29/01/2023 09:16:56 p. m.[(29/01/2023 09:16:57 p. m.[(29/01/2023 09:16:57 p. m.[(29/01/2023 09:16:57 p. m.[(29/01/2023 09:16:57 p. m.[(29/01/2023 09:16:57 p. m.[(29/01/2023 09:16:57 p. m.[(29/01/2023 09:16:57 p. m.[(29/01/2023 09:17:08 p. m.[(29/01/2023 09:17:31 p. m.[(29/01/2023 09:17:31 p. m.[(29/01/2023 09:17:31 p. m.[(29/01/2023 09:44:55 p. m.[(29/01/2023 09:44:55 p. m.[(29/01/2023 09:44:55 p. m.[(29/01/2023 09:45:06 p. m.[(29/01/2023 09:45:06 p. m.[(29/01/2023 09:45:07 p. m.[(29/01/2023 09:45:07 p. m.[(29/01/2023 09:45:08 p. m.[(29/01/2023 09:45:08 p. m.[(29/01/2023 09:45:08 p. m.[(29/01/2023 09:45:08 p. m.[(29/01/2023 09:45:08 p. m.[(29/01/2023 09:45:08 p. m.[(29/01/2023 09:45:09 p. m.[(29/01/2023 09:45:09 p. m.[(29/01/2023 09:45:09 p. m.[(29/01/2023 09:45:10 p. m.[(29/01/2023 09:45:10 p. m.[(29/01/2023 09:45:10 p. m.[(29/01/2023 09:45:11 p. m.[(29/01/2023 09:45:11 p. m.[(29/01/2023 09:45:12 p. m.[(29/01/2023 09:45:12 p. m.[(29/01/2023 09:45:13 p. m.[(29/01/2023 09:45:13 p. m.[(29/01/2023 09:45:13 p. m.[(29/01/2023 09:45:45 p. m.[(29/01/2023 10:10:17 p. m.[(29/01/2023 10:10:17 p. m.[(29/01/2023 10:10:17 p. m.[(29/01/2023 10:10:22 p. m.[(29/01/2023 10:10:22 p. m.[(29/01/2023 10:10:22 p. m.[(29/01/2023 10:10:22 p. m.[(29/01/2023 10:10:22 p. m.[(29/01/2023 10:10:22 p. m.[(29/01/2023 10:10:22 p. m.[(29/01/2023 10:10:22 p. m.[(29/01/2023 10:10:22 p. m.[(29/01/2023 10:10:22 p. m.[(29/01/2023 10:10:22 p. m.[(29/01/2023 10:10:22 p. m.[(29/01/2023 10:10:22 p. m.[(29/01/2023 10:10:22 p. m.[(29/01/2023 10:10:22 p. m.[(29/01/2023 10:10:22 p. m.[(29/01/2023 10:10:22 p. m.[(29/01/2023 10:10:22 p. m.[(29/01/2023 10:10:22 p. m.java.lang.IllegalStateException: Failed to execute CommandLineRunner
	at org.springframework.boot.SpringApplication.callRunner(SpringApplication.java:770)
	at org.springframework.boot.SpringApplication.callRunners(SpringApplication.java:751)
	at org.springframework.boot.SpringApplication.run(SpringApplication.java:315)
	at org.springframework.boot.test.context.SpringBootContextLoader.lambda$loadContext$3(SpringBootContextLoader.java:137)
	at org.springframework.util.function.ThrowingSupplier.get(ThrowingSupplier.java:59)
	at org.springframework.util.function.ThrowingSupplier.get(ThrowingSupplier.java:47)
	at org.springframework.boot.SpringApplication.withHook(SpringApplication.java:1386)
	at org.springframework.boot.test.context.SpringBootContextLoader$ContextLoaderHook.run(SpringBootContextLoader.java:543)
	at org.springframework.boot.test.context.SpringBootContextLoader.loadContext(SpringBootContextLoader.java:137)
	at org.springframework.boot.test.context.SpringBootContextLoader.loadContext(SpringBootContextLoader.java:108)
	at org.springframework.test.context.cache.DefaultCacheAwareContextLoaderDelegate.loadContextInternal(DefaultCacheAwareContextLoaderDelegate.java:183)
	at org.springframework.test.context.cache.DefaultCacheAwareContextLoaderDelegate.loadContext(DefaultCacheAwareContextLoaderDelegate.java:117)
	at org.springframework.test.context.support.DefaultTestContext.getApplicationContext(DefaultTestContext.java:127)
	at org.springframework.test.context.web.ServletTestExecutionListener.setUpRequestContextIfNecessary(ServletTestExecutionListener.java:192)
	at org.springframework.test.context.web.ServletTestExecutionListener.prepareTestInstance(ServletTestExecutionListener.java:131)
	at org.springframework.test.context.TestContextManager.prepareTestInstance(TestContextManager.java:249)
	at org.springframework.test.context.junit.jupiter.SpringExtension.postProcessTestInstance(SpringExtension.java:138)
	at org.junit.jupiter.engine.descriptor.ClassBasedTestDescriptor.lambda$invokeTestInstancePostProcessors$10(ClassBasedTestDescriptor.java:377)
	at org.junit.jupiter.engine.descriptor.ClassBasedTestDescriptor.executeAndMaskThrowable(ClassBasedTestDescriptor.java:382)
	at org.junit.jupiter.engine.descriptor.ClassBasedTestDescriptor.lambda$invokeTestInstancePostProcessors$11(ClassBasedTestDescriptor.java:377)
	at java.base/java.util.stream.ReferencePipeline$3$1.accept(ReferencePipeline.java:197)
	at java.base/java.util.stream.ReferencePipeline$2$1.accept(ReferencePipeline.java:179)
	at java.base/java.util.ArrayList$ArrayListSpliterator.forEachRemaining(ArrayList.java:1625)
	at java.base/java.util.stream.AbstractPipeline.copyInto(AbstractPipeline.java:509)
	at java.base/java.util.stream.AbstractPipeline.wrapAndCopyInto(AbstractPipeline.java:499)
	at java.base/java.util.stream.StreamSpliterators$WrappingSpliterator.forEachRemaining(StreamSpliterators.java:310)
	at java.base/java.util.stream.Streams$ConcatSpliterator.forEachRemaining(Streams.java:735)
	at java.base/java.util.stream.Streams$ConcatSpliterator.forEachRemaining(Streams.java:734)
	at java.base/java.util.stream.ReferencePipeline$Head.forEach(ReferencePipeline.java:762)
	at org.junit.jupiter.engine.descriptor.ClassBasedTestDescriptor.invokeTestInstancePostProcessors(ClassBasedTestDescriptor.java:376)
	at org.junit.jupiter.engine.descriptor.ClassBasedTestDescriptor.lambda$instantiateAndPostProcessTestInstance$6(ClassBasedTestDescriptor.java:289)
	at org.junit.platform.engine.support.hierarchical.ThrowableCollector.execute(ThrowableCollector.java:73)
	at org.junit.jupiter.engine.descriptor.ClassBasedTestDescriptor.instantiateAndPostProcessTestInstance(ClassBasedTestDescriptor.java:288)
	at org.junit.jupiter.engine.descriptor.ClassBasedTestDescriptor.lambda$testInstancesProvider$4(ClassBasedTestDescriptor.java:278)
	at java.base/java.util.Optional.orElseGet(Optional.java:364)
	at org.junit.jupiter.engine.descriptor.ClassBasedTestDescriptor.lambda$testInstancesProvider$5(ClassBasedTestDescriptor.java:277)
	at org.junit.jupiter.engine.execution.TestInstancesProvider.getTestInstances(TestInstancesProvider.java:31)
	at org.junit.jupiter.engine.descriptor.TestMethodTestDescriptor.lambda$prepare$0(TestMethodTestDescriptor.java:105)
	at org.junit.platform.engine.support.hierarchical.ThrowableCollector.execute(ThrowableCollector.java:73)
	at org.junit.jupiter.engine.descriptor.TestMethodTestDescriptor.prepare(TestMethodTestDescriptor.java:104)
	at org.junit.jupiter.engine.descriptor.TestMethodTestDescriptor.prepare(TestMethodTestDescriptor.java:68)
	at org.junit.platform.engine.support.hierarchical.NodeTestTask.lambda$prepare$2(NodeTestTask.java:123)
	at org.junit.platform.engine.support.hierarchical.ThrowableCollector.execute(ThrowableCollector.java:73)
	at org.junit.platform.engine.support.hierarchical.NodeTestTask.prepare(NodeTestTask.java:123)
	at org.junit.platform.engine.support.hierarchical.NodeTestTask.execute(NodeTestTask.java:90)
	at java.base/java.util.ArrayList.forEach(ArrayList.java:1511)
	at org.junit.platform.engine.support.hierarchical.SameThreadHierarchicalTestExecutorService.invokeAll(SameThreadHierarchicalTestExecutorService.java:41)
	at org.junit.platform.engine.support.hierarchical.NodeTestTask.lambda$executeRecursively$6(NodeTestTask.java:155)
	at org.junit.platform.engine.support.hierarchical.ThrowableCollector.execute(ThrowableCollector.java:73)
	at org.junit.platform.engine.support.hierarchical.NodeTestTask.lambda$executeRecursively$8(NodeTestTask.java:141)
	at org.junit.platform.engine.support.hierarchical.Node.around(Node.java:137)
	at org.junit.platform.engine.support.hierarchical.NodeTestTask.lambda$executeRecursively$9(NodeTestTask.java:139)
	at org.junit.platform.engine.support.hierarchical.ThrowableCollector.execute(ThrowableCollector.java:73)
	at org.junit.platform.engine.support.hierarchical.NodeTestTask.executeRecursively(NodeTestTask.java:138)
	at org.junit.platform.engine.support.hierarchical.NodeTestTask.execute(NodeTestTask.java:95)
	at java.base/java.util.ArrayList.forEach(ArrayList.java:1511)
	at org.junit.platform.engine.support.hierarchical.SameThreadHierarchicalTestExecutorService.invokeAll(SameThreadHierarchicalTestExecutorService.java:41)
	at org.junit.platform.engine.support.hierarchical.NodeTestTask.lambda$executeRecursively$6(NodeTestTask.java:155)
	at org.junit.platform.engine.support.hierarchical.ThrowableCollector.execute(ThrowableCollector.java:73)
	at org.junit.platform.engine.support.hierarchical.NodeTestTask.lambda$executeRecursively$8(NodeTestTask.java:141)
	at org.junit.platform.engine.support.hierarchical.Node.around(Node.java:137)
	at org.junit.platform.engine.support.hierarchical.NodeTestTask.lambda$executeRecursively$9(NodeTestTask.java:139)
	at org.junit.platform.engine.support.hierarchical.ThrowableCollector.execute(ThrowableCollector.java:73)
	at org.junit.platform.engine.support.hierarchical.NodeTestTask.executeRecursively(NodeTestTask.java:138)
	at org.junit.platform.engine.support.hierarchical.NodeTestTask.execute(NodeTestTask.java:95)
	at org.junit.platform.engine.support.hierarchical.SameThreadHierarchicalTestExecutorService.submit(SameThreadHierarchicalTestExecutorService.java:35)
	at org.junit.platform.engine.support.hierarchical.HierarchicalTestExecutor.execute(HierarchicalTestExecutor.java:57)
	at org.junit.platform.engine.support.hierarchical.HierarchicalTestEngine.execute(HierarchicalTestEngine.java:54)
	at org.junit.platform.launcher.core.DefaultLauncher.execute(DefaultLauncher.java:220)
	at org.junit.platform.launcher.core.DefaultLauncher.lambda$execute$6(DefaultLauncher.java:188)
	at org.junit.platform.launcher.core.DefaultLauncher.withInterceptedStreams(DefaultLauncher.java:202)
	at org.junit.platform.launcher.core.DefaultLauncher.execute(DefaultLauncher.java:181)
	at org.junit.platform.launcher.core.DefaultLauncher.execute(DefaultLauncher.java:128)
	at org.apache.maven.surefire.junitplatform.JUnitPlatformProvider.invokeAllTests(JUnitPlatformProvider.java:150)
	at org.apache.maven.surefire.junitplatform.JUnitPlatformProvider.invoke(JUnitPlatformProvider.java:124)
	at org.apache.maven.surefire.booter.ForkedBooter.invokeProviderInSameClassLoader(ForkedBooter.java:384)
	at org.apache.maven.surefire.booter.ForkedBooter.runSuitesInProcess(ForkedBooter.java:345)
	at org.apache.maven.surefire.booter.ForkedBooter.execute(ForkedBooter.java:126)
	at org.apache.maven.surefire.booter.ForkedBooter.main(ForkedBooter.java:418)
Caused by: java.util.NoSuchElementException: No line found
	at java.base/java.util.Scanner.nextLine(Scanner.java:1651)
	at org.bedu.crp.Proyecto.config.Seeder.run(Seeder.java:72)
	at org.springframework.boot.SpringApplication.callRunner(SpringApplication.java:767)
	... 78 common frames omitted
[(29/01/2023 10:10:22 p. m.[(29/01/2023 10:10:23 p. m.